# JRE version: Java(TM) SE Runtime Environment (8.0_101-b13) (build 1.8.0_101-b13)
# Java VM: Java HotSpot(TM) 64-Bit Server VM (25.101-b13 mixed mode windows-amd64 compressed oops)
Heap:
 PSYoungGen      total 141824K, used 24776K [0x00000000d5d80000, 0x00000000e5080000, 0x0000000100000000)
  eden space 130560K, 18% used [0x00000000d5d80000,0x00000000d75b20b8,0x00000000ddd00000)
  from space 11264K, 0% used [0x00000000ddd00000,0x00000000ddd00000,0x00000000de800000)
  to   space 14336K, 0% used [0x00000000e4280000,0x00000000e4280000,0x00000000e5080000)
 ParOldGen       total 74240K, used 21640K [0x0000000081800000, 0x0000000086080000, 0x00000000d5d80000)
  object space 74240K, 29% used [0x0000000081800000,0x0000000082d222b8,0x0000000086080000)
 Metaspace       used 38826K, capacity 39050K, committed 39512K, reserved 1085440K
  class space    used 4309K, capacity 4385K, committed 4480K, reserved 1048576K
GC Heap History (10 events):
Event: 2.697 GC heap before
{Heap before GC invocations=5 (full 0):
 PSYoungGen      total 71680K, used 6897K [0x00000000d5d80000, 0x00000000da880000, 0x0000000100000000)
  eden space 66560K, 2% used [0x00000000d5d80000,0x00000000d5f3ca30,0x00000000d9e80000)
  from space 5120K, 99% used [0x00000000da380000,0x00000000da87fba8,0x00000000da880000)
  to   space 5120K, 0% used [0x00000000d9e80000,0x00000000d9e80000,0x00000000da380000)
 ParOldGen       total 87552K, used 10266K [0x0000000081800000, 0x0000000086d80000, 0x00000000d5d80000)
  object space 87552K, 11% used [0x0000000081800000,0x0000000082206810,0x0000000086d80000)
 Metaspace       used 20836K, capacity 21008K, committed 21248K, reserved 1069056K
  class space    used 2356K, capacity 2450K, committed 2560K, reserved 1048576K
Event: 2.717 GC heap after
Heap after GC invocations=5 (full 0):
 PSYoungGen      total 71680K, used 5118K [0x00000000d5d80000, 0x00000000df680000, 0x0000000100000000)
  eden space 66560K, 0% used [0x00000000d5d80000,0x00000000d5d80000,0x00000000d9e80000)
  from space 5120K, 99% used [0x00000000d9e80000,0x00000000da37fba8,0x00000000da380000)
  to   space 11776K, 0% used [0x00000000deb00000,0x00000000deb00000,0x00000000df680000)
 ParOldGen       total 87552K, used 10446K [0x0000000081800000, 0x0000000086d80000, 0x00000000d5d80000)
  object space 87552K, 11% used [0x0000000081800000,0x0000000082233a10,0x0000000086d80000)
 Metaspace       used 20836K, capacity 21008K, committed 21248K, reserved 1069056K
  class space    used 2356K, capacity 2450K, committed 2560K, reserved 1048576K
}
Event: 2.717 GC heap before
{Heap before GC invocations=6 (full 1):
 PSYoungGen      total 71680K, used 5118K [0x00000000d5d80000, 0x00000000df680000, 0x0000000100000000)
  eden space 66560K, 0% used [0x00000000d5d80000,0x00000000d5d80000,0x00000000d9e80000)
  from space 5120K, 99% used [0x00000000d9e80000,0x00000000da37fba8,0x00000000da380000)
  to   space 11776K, 0% used [0x00000000deb00000,0x00000000deb00000,0x00000000df680000)
 ParOldGen       total 87552K, used 10446K [0x0000000081800000, 0x0000000086d80000, 0x00000000d5d80000)
  object space 87552K, 11% used [0x0000000081800000,0x0000000082233a10,0x0000000086d80000)
 Metaspace       used 20836K, capacity 21008K, committed 21248K, reserved 1069056K
  class space    used 2356K, capacity 2450K, committed 2560K, reserved 1048576K
Event: 2.788 GC heap after
Heap after GC invocations=6 (full 1):
 PSYoungGen      total 71680K, used 0K [0x00000000d5d80000, 0x00000000df680000, 0x0000000100000000)
  eden space 66560K, 0% used [0x00000000d5d80000,0x00000000d5d80000,0x00000000d9e80000)
  from space 5120K, 0% used [0x00000000d9e80000,0x00000000d9e80000,0x00000000da380000)
  to   space 11776K, 0% used [0x00000000deb00000,0x00000000deb00000,0x00000000df680000)
 ParOldGen       total 58368K, used 13938K [0x0000000081800000, 0x0000000085100000, 0x00000000d5d80000)
  object space 58368K, 23% used [0x0000000081800000,0x000000008259cb60,0x0000000085100000)
 Metaspace       used 20836K, capacity 21008K, committed 21248K, reserved 1069056K
  class space    used 2356K, capacity 2450K, committed 2560K, reserved 1048576K
}
Event: 4.138 GC heap before
{Heap before GC invocations=7 (full 1):
 PSYoungGen      total 71680K, used 66560K [0x00000000d5d80000, 0x00000000df680000, 0x0000000100000000)
  eden space 66560K, 100% used [0x00000000d5d80000,0x00000000d9e80000,0x00000000d9e80000)
  from space 5120K, 0% used [0x00000000d9e80000,0x00000000d9e80000,0x00000000da380000)
  to   space 11776K, 0% used [0x00000000deb00000,0x00000000deb00000,0x00000000df680000)
 ParOldGen       total 58368K, used 13938K [0x0000000081800000, 0x0000000085100000, 0x00000000d5d80000)
  object space 58368K, 23% used [0x0000000081800000,0x000000008259cb60,0x0000000085100000)
 Metaspace       used 30409K, capacity 30666K, committed 30976K, reserved 1077248K
  class space    used 3405K, capacity 3489K, committed 3584K, reserved 1048576K
Event: 4.147 GC heap after
Heap after GC invocations=7 (full 1):
 PSYoungGen      total 130560K, used 7927K [0x00000000d5d80000, 0x00000000df300000, 0x0000000100000000)
  eden space 122368K, 0% used [0x00000000d5d80000,0x00000000d5d80000,0x00000000dd500000)
  from space 8192K, 96% used [0x00000000deb00000,0x00000000df2bdc88,0x00000000df300000)
  to   space 11264K, 0% used [0x00000000ddd00000,0x00000000ddd00000,0x00000000de800000)
 ParOldGen       total 58368K, used 14010K [0x0000000081800000, 0x0000000085100000, 0x00000000d5d80000)
  object space 58368K, 24% used [0x0000000081800000,0x00000000825aeb70,0x0000000085100000)
 Metaspace       used 30409K, capacity 30666K, committed 30976K, reserved 1077248K
  class space    used 3405K, capacity 3489K, committed 3584K, reserved 1048576K
}
Event: 5.393 GC heap before
{Heap before GC invocations=8 (full 1):
 PSYoungGen      total 130560K, used 66918K [0x00000000d5d80000, 0x00000000df300000, 0x0000000100000000)
  eden space 122368K, 48% used [0x00000000d5d80000,0x00000000d971bed8,0x00000000dd500000)
  from space 8192K, 96% used [0x00000000deb00000,0x00000000df2bdc88,0x00000000df300000)
  to   space 11264K, 0% used [0x00000000ddd00000,0x00000000ddd00000,0x00000000de800000)
 ParOldGen       total 58368K, used 14010K [0x0000000081800000, 0x0000000085100000, 0x00000000d5d80000)
  object space 58368K, 24% used [0x0000000081800000,0x00000000825aeb70,0x0000000085100000)
 Metaspace       used 34960K, capacity 35146K, committed 35416K, reserved 1081344K
  class space    used 3862K, capacity 3937K, committed 3968K, reserved 1048576K
Event: 5.410 GC heap after
Heap after GC invocations=8 (full 1):
 PSYoungGen      total 141824K, used 11244K [0x00000000d5d80000, 0x00000000e5080000, 0x0000000100000000)
  eden space 130560K, 0% used [0x00000000d5d80000,0x00000000d5d80000,0x00000000ddd00000)
  from space 11264K, 99% used [0x00000000ddd00000,0x00000000de7fb0e8,0x00000000de800000)
  to   space 14336K, 0% used [0x00000000e4280000,0x00000000e4280000,0x00000000e5080000)
 ParOldGen       total 58368K, used 16766K [0x0000000081800000, 0x0000000085100000, 0x00000000d5d80000)
  object space 58368K, 28% used [0x0000000081800000,0x000000008285f950,0x0000000085100000)
 Metaspace       used 34960K, capacity 35146K, committed 35416K, reserved 1081344K
  class space    used 3862K, capacity 3937K, committed 3968K, reserved 1048576K
}
Event: 5.410 GC heap before
{Heap before GC invocations=9 (full 2):
 PSYoungGen      total 141824K, used 11244K [0x00000000d5d80000, 0x00000000e5080000, 0x0000000100000000)
  eden space 130560K, 0% used [0x00000000d5d80000,0x00000000d5d80000,0x00000000ddd00000)
  from space 11264K, 99% used [0x00000000ddd00000,0x00000000de7fb0e8,0x00000000de800000)
  to   space 14336K, 0% used [0x00000000e4280000,0x00000000e4280000,0x00000000e5080000)
 ParOldGen       total 58368K, used 16766K [0x0000000081800000, 0x0000000085100000, 0x00000000d5d80000)
  object space 58368K, 28% used [0x0000000081800000,0x000000008285f950,0x0000000085100000)
 Metaspace       used 34960K, capacity 35146K, committed 35416K, reserved 1081344K
  class space    used 3862K, capacity 3937K, committed 3968K, reserved 1048576K
Event: 5.504 GC heap after
Heap after GC invocations=9 (full 2):
 PSYoungGen      total 141824K, used 0K [0x00000000d5d80000, 0x00000000e5080000, 0x0000000100000000)
  eden space 130560K, 0% used [0x00000000d5d80000,0x00000000d5d80000,0x00000000ddd00000)
  from space 11264K, 0% used [0x00000000ddd00000,0x00000000ddd00000,0x00000000de800000)
  to   space 14336K, 0% used [0x00000000e4280000,0x00000000e4280000,0x00000000e5080000)
 ParOldGen       total 74240K, used 21640K [0x0000000081800000, 0x0000000086080000, 0x00000000d5d80000)
  object space 74240K, 29% used [0x0000000081800000,0x0000000082d222b8,0x0000000086080000)
 Metaspace       used 34960K, capacity 35146K, committed 35416K, reserved 1081344K
  class space    used 3862K, capacity 3937K, committed 3968K, reserved 1048576K
}

