# JRE version: Java(TM) SE Runtime Environment (8.0_101-b13) (build 1.8.0_101-b13)
# Java VM: Java HotSpot(TM) 64-Bit Server VM (25.101-b13 mixed mode windows-amd64 compressed oops)
Heap:
 PSYoungGen      total 214016K, used 79603K [0x00000000d5d80000, 0x00000000e7780000, 0x0000000100000000)
  eden space 197632K, 40% used [0x00000000d5d80000,0x00000000dab3ced0,0x00000000e1e80000)
  from space 16384K, 0% used [0x00000000e1e80000,0x00000000e1e80000,0x00000000e2e80000)
  to   space 17408K, 0% used [0x00000000e6680000,0x00000000e6680000,0x00000000e7780000)
 ParOldGen       total 113664K, used 30370K [0x0000000081800000, 0x0000000088700000, 0x00000000d5d80000)
  object space 113664K, 26% used [0x0000000081800000,0x00000000835a89e8,0x0000000088700000)
 Metaspace       used 63724K, capacity 64092K, committed 64552K, reserved 1105920K
  class space    used 7020K, capacity 7133K, committed 7208K, reserved 1048576K
GC Heap History (10 events):
Event: 3.659 GC heap before
{Heap before GC invocations=8 (full 1):
 PSYoungGen      total 124928K, used 71028K [0x00000000d5d80000, 0x00000000df300000, 0x0000000100000000)
  eden space 116736K, 54% used [0x00000000d5d80000,0x00000000d9b1ff78,0x00000000dcf80000)
  from space 8192K, 96% used [0x00000000deb00000,0x00000000df2bd160,0x00000000df300000)
  to   space 11264K, 0% used [0x00000000ddd00000,0x00000000ddd00000,0x00000000de800000)
 ParOldGen       total 55296K, used 8514K [0x0000000081800000, 0x0000000084e00000, 0x00000000d5d80000)
  object space 55296K, 15% used [0x0000000081800000,0x00000000820508e8,0x0000000084e00000)
 Metaspace       used 35039K, capacity 35242K, committed 35496K, reserved 1081344K
  class space    used 3900K, capacity 3969K, committed 4008K, reserved 1048576K
Event: 3.674 GC heap after
Heap after GC invocations=8 (full 1):
 PSYoungGen      total 141824K, used 11256K [0x00000000d5d80000, 0x00000000e3c80000, 0x0000000100000000)
  eden space 130560K, 0% used [0x00000000d5d80000,0x00000000d5d80000,0x00000000ddd00000)
  from space 11264K, 99% used [0x00000000ddd00000,0x00000000de7fe288,0x00000000de800000)
  to   space 14336K, 0% used [0x00000000e2e80000,0x00000000e2e80000,0x00000000e3c80000)
 ParOldGen       total 55296K, used 11714K [0x0000000081800000, 0x0000000084e00000, 0x00000000d5d80000)
  object space 55296K, 21% used [0x0000000081800000,0x0000000082370ac8,0x0000000084e00000)
 Metaspace       used 35039K, capacity 35242K, committed 35496K, reserved 1081344K
  class space    used 3900K, capacity 3969K, committed 4008K, reserved 1048576K
}
Event: 3.674 GC heap before
{Heap before GC invocations=9 (full 2):
 PSYoungGen      total 141824K, used 11256K [0x00000000d5d80000, 0x00000000e3c80000, 0x0000000100000000)
  eden space 130560K, 0% used [0x00000000d5d80000,0x00000000d5d80000,0x00000000ddd00000)
  from space 11264K, 99% used [0x00000000ddd00000,0x00000000de7fe288,0x00000000de800000)
  to   space 14336K, 0% used [0x00000000e2e80000,0x00000000e2e80000,0x00000000e3c80000)
 ParOldGen       total 55296K, used 11714K [0x0000000081800000, 0x0000000084e00000, 0x00000000d5d80000)
  object space 55296K, 21% used [0x0000000081800000,0x0000000082370ac8,0x0000000084e00000)
 Metaspace       used 35039K, capacity 35242K, committed 35496K, reserved 1081344K
  class space    used 3900K, capacity 3969K, committed 4008K, reserved 1048576K
Event: 3.767 GC heap after
Heap after GC invocations=9 (full 2):
 PSYoungGen      total 141824K, used 0K [0x00000000d5d80000, 0x00000000e3c80000, 0x0000000100000000)
  eden space 130560K, 0% used [0x00000000d5d80000,0x00000000d5d80000,0x00000000ddd00000)
  from space 11264K, 0% used [0x00000000ddd00000,0x00000000ddd00000,0x00000000de800000)
  to   space 14336K, 0% used [0x00000000e2e80000,0x00000000e2e80000,0x00000000e3c80000)
 ParOldGen       total 86016K, used 21988K [0x0000000081800000, 0x0000000086c00000, 0x00000000d5d80000)
  object space 86016K, 25% used [0x0000000081800000,0x0000000082d793e8,0x0000000086c00000)
 Metaspace       used 35039K, capacity 35242K, committed 35496K, reserved 1081344K
  class space    used 3900K, capacity 3969K, committed 4008K, reserved 1048576K
}
Event: 5.309 GC heap before
{Heap before GC invocations=10 (full 2):
 PSYoungGen      total 141824K, used 130560K [0x00000000d5d80000, 0x00000000e3c80000, 0x0000000100000000)
  eden space 130560K, 100% used [0x00000000d5d80000,0x00000000ddd00000,0x00000000ddd00000)
  from space 11264K, 0% used [0x00000000ddd00000,0x00000000ddd00000,0x00000000de800000)
  to   space 14336K, 0% used [0x00000000e2e80000,0x00000000e2e80000,0x00000000e3c80000)
 ParOldGen       total 86016K, used 21988K [0x0000000081800000, 0x0000000086c00000, 0x00000000d5d80000)
  object space 86016K, 25% used [0x0000000081800000,0x0000000082d793e8,0x0000000086c00000)
 Metaspace       used 47678K, capacity 47926K, committed 48296K, reserved 1091584K
  class space    used 5369K, capacity 5461K, committed 5544K, reserved 1048576K
Event: 5.327 GC heap after
Heap after GC invocations=10 (full 2):
 PSYoungGen      total 211968K, used 14239K [0x00000000d5d80000, 0x00000000e4080000, 0x0000000100000000)
  eden space 197632K, 0% used [0x00000000d5d80000,0x00000000d5d80000,0x00000000e1e80000)
  from space 14336K, 99% used [0x00000000e2e80000,0x00000000e3c67c78,0x00000000e3c80000)
  to   space 16384K, 0% used [0x00000000e1e80000,0x00000000e1e80000,0x00000000e2e80000)
 ParOldGen       total 86016K, used 21996K [0x0000000081800000, 0x0000000086c00000, 0x00000000d5d80000)
  object space 86016K, 25% used [0x0000000081800000,0x0000000082d7b3e8,0x0000000086c00000)
 Metaspace       used 47678K, capacity 47926K, committed 48296K, reserved 1091584K
  class space    used 5369K, capacity 5461K, committed 5544K, reserved 1048576K
}
Event: 6.717 GC heap before
{Heap before GC invocations=11 (full 2):
 PSYoungGen      total 211968K, used 108871K [0x00000000d5d80000, 0x00000000e4080000, 0x0000000100000000)
  eden space 197632K, 47% used [0x00000000d5d80000,0x00000000db9ea178,0x00000000e1e80000)
  from space 14336K, 99% used [0x00000000e2e80000,0x00000000e3c67c78,0x00000000e3c80000)
  to   space 16384K, 0% used [0x00000000e1e80000,0x00000000e1e80000,0x00000000e2e80000)
 ParOldGen       total 86016K, used 21996K [0x0000000081800000, 0x0000000086c00000, 0x00000000d5d80000)
  object space 86016K, 25% used [0x0000000081800000,0x0000000082d7b3e8,0x0000000086c00000)
 Metaspace       used 58537K, capacity 58782K, committed 59160K, reserved 1101824K
  class space    used 6424K, capacity 6522K, committed 6568K, reserved 1048576K
Event: 6.730 GC heap after
Heap after GC invocations=11 (full 2):
 PSYoungGen      total 214016K, used 12983K [0x00000000d5d80000, 0x00000000e7780000, 0x0000000100000000)
  eden space 197632K, 0% used [0x00000000d5d80000,0x00000000d5d80000,0x00000000e1e80000)
  from space 16384K, 79% used [0x00000000e1e80000,0x00000000e2b2de88,0x00000000e2e80000)
  to   space 17408K, 0% used [0x00000000e6680000,0x00000000e6680000,0x00000000e7780000)
 ParOldGen       total 86016K, used 22068K [0x0000000081800000, 0x0000000086c00000, 0x00000000d5d80000)
  object space 86016K, 25% used [0x0000000081800000,0x0000000082d8d3f8,0x0000000086c00000)
 Metaspace       used 58537K, capacity 58782K, committed 59160K, reserved 1101824K
  class space    used 6424K, capacity 6522K, committed 6568K, reserved 1048576K
}
Event: 6.730 GC heap before
{Heap before GC invocations=12 (full 3):
 PSYoungGen      total 214016K, used 12983K [0x00000000d5d80000, 0x00000000e7780000, 0x0000000100000000)
  eden space 197632K, 0% used [0x00000000d5d80000,0x00000000d5d80000,0x00000000e1e80000)
  from space 16384K, 79% used [0x00000000e1e80000,0x00000000e2b2de88,0x00000000e2e80000)
  to   space 17408K, 0% used [0x00000000e6680000,0x00000000e6680000,0x00000000e7780000)
 ParOldGen       total 86016K, used 22068K [0x0000000081800000, 0x0000000086c00000, 0x00000000d5d80000)
  object space 86016K, 25% used [0x0000000081800000,0x0000000082d8d3f8,0x0000000086c00000)
 Metaspace       used 58537K, capacity 58782K, committed 59160K, reserved 1101824K
  class space    used 6424K, capacity 6522K, committed 6568K, reserved 1048576K
Event: 6.884 GC heap after
Heap after GC invocations=12 (full 3):
 PSYoungGen      total 214016K, used 0K [0x00000000d5d80000, 0x00000000e7780000, 0x0000000100000000)
  eden space 197632K, 0% used [0x00000000d5d80000,0x00000000d5d80000,0x00000000e1e80000)
  from space 16384K, 0% used [0x00000000e1e80000,0x00000000e1e80000,0x00000000e2e80000)
  to   space 17408K, 0% used [0x00000000e6680000,0x00000000e6680000,0x00000000e7780000)
 ParOldGen       total 113664K, used 30370K [0x0000000081800000, 0x0000000088700000, 0x00000000d5d80000)
  object space 113664K, 26% used [0x0000000081800000,0x00000000835a89e8,0x0000000088700000)
 Metaspace       used 58530K, capacity 58774K, committed 59160K, reserved 1101824K
  class space    used 6420K, capacity 6518K, committed 6568K, reserved 1048576K
}

