# JRE version: Java(TM) SE Runtime Environment (8.0_101-b13) (build 1.8.0_101-b13)
# Java VM: Java HotSpot(TM) 64-Bit Server VM (25.101-b13 mixed mode windows-amd64 compressed oops)
Heap:
 PSYoungGen      total 71680K, used 12326K [0x00000000d5d80000, 0x00000000de080000, 0x0000000100000000)
  eden space 60416K, 20% used [0x00000000d5d80000,0x00000000d6989b48,0x00000000d9880000)
  from space 11264K, 0% used [0x00000000d9880000,0x00000000d9880000,0x00000000da380000)
  to   space 14336K, 0% used [0x00000000dd280000,0x00000000dd280000,0x00000000de080000)
 ParOldGen       total 56832K, used 21851K [0x0000000081800000, 0x0000000084f80000, 0x00000000d5d80000)
  object space 56832K, 38% used [0x0000000081800000,0x0000000082d56c30,0x0000000084f80000)
 Metaspace       used 36923K, capacity 37194K, committed 37544K, reserved 1083392K
  class space    used 4087K, capacity 4193K, committed 4264K, reserved 1048576K
GC Heap History (10 events):
Event: 2.842 GC heap before
{Heap before GC invocations=5 (full 0):
 PSYoungGen      total 71680K, used 6908K [0x00000000d5d80000, 0x00000000da880000, 0x0000000100000000)
  eden space 66560K, 2% used [0x00000000d5d80000,0x00000000d5f45c88,0x00000000d9e80000)
  from space 5120K, 99% used [0x00000000da380000,0x00000000da879518,0x00000000da880000)
  to   space 5120K, 0% used [0x00000000d9e80000,0x00000000d9e80000,0x00000000da380000)
 ParOldGen       total 87552K, used 10148K [0x0000000081800000, 0x0000000086d80000, 0x00000000d5d80000)
  object space 87552K, 11% used [0x0000000081800000,0x00000000821e90a0,0x0000000086d80000)
 Metaspace       used 20840K, capacity 21040K, committed 21296K, reserved 1069056K
  class space    used 2356K, capacity 2418K, committed 2432K, reserved 1048576K
Event: 2.850 GC heap after
Heap after GC invocations=5 (full 0):
 PSYoungGen      total 71680K, used 5106K [0x00000000d5d80000, 0x00000000da880000, 0x0000000100000000)
  eden space 66560K, 0% used [0x00000000d5d80000,0x00000000d5d80000,0x00000000d9e80000)
  from space 5120K, 99% used [0x00000000d9e80000,0x00000000da37c930,0x00000000da380000)
  to   space 5120K, 0% used [0x00000000da380000,0x00000000da380000,0x00000000da880000)
 ParOldGen       total 87552K, used 10429K [0x0000000081800000, 0x0000000086d80000, 0x00000000d5d80000)
  object space 87552K, 11% used [0x0000000081800000,0x000000008222f498,0x0000000086d80000)
 Metaspace       used 20840K, capacity 21040K, committed 21296K, reserved 1069056K
  class space    used 2356K, capacity 2418K, committed 2432K, reserved 1048576K
}
Event: 2.850 GC heap before
{Heap before GC invocations=6 (full 1):
 PSYoungGen      total 71680K, used 5106K [0x00000000d5d80000, 0x00000000da880000, 0x0000000100000000)
  eden space 66560K, 0% used [0x00000000d5d80000,0x00000000d5d80000,0x00000000d9e80000)
  from space 5120K, 99% used [0x00000000d9e80000,0x00000000da37c930,0x00000000da380000)
  to   space 5120K, 0% used [0x00000000da380000,0x00000000da380000,0x00000000da880000)
 ParOldGen       total 87552K, used 10429K [0x0000000081800000, 0x0000000086d80000, 0x00000000d5d80000)
  object space 87552K, 11% used [0x0000000081800000,0x000000008222f498,0x0000000086d80000)
 Metaspace       used 20840K, capacity 21040K, committed 21296K, reserved 1069056K
  class space    used 2356K, capacity 2418K, committed 2432K, reserved 1048576K
Event: 2.905 GC heap after
Heap after GC invocations=6 (full 1):
 PSYoungGen      total 71680K, used 0K [0x00000000d5d80000, 0x00000000da880000, 0x0000000100000000)
  eden space 66560K, 0% used [0x00000000d5d80000,0x00000000d5d80000,0x00000000d9e80000)
  from space 5120K, 0% used [0x00000000d9e80000,0x00000000d9e80000,0x00000000da380000)
  to   space 5120K, 0% used [0x00000000da380000,0x00000000da380000,0x00000000da880000)
 ParOldGen       total 56832K, used 11170K [0x0000000081800000, 0x0000000084f80000, 0x00000000d5d80000)
  object space 56832K, 19% used [0x0000000081800000,0x00000000822e8980,0x0000000084f80000)
 Metaspace       used 20840K, capacity 21040K, committed 21296K, reserved 1069056K
  class space    used 2356K, capacity 2418K, committed 2432K, reserved 1048576K
}
Event: 3.811 GC heap before
{Heap before GC invocations=7 (full 1):
 PSYoungGen      total 71680K, used 66560K [0x00000000d5d80000, 0x00000000da880000, 0x0000000100000000)
  eden space 66560K, 100% used [0x00000000d5d80000,0x00000000d9e80000,0x00000000d9e80000)
  from space 5120K, 0% used [0x00000000d9e80000,0x00000000d9e80000,0x00000000da380000)
  to   space 5120K, 0% used [0x00000000da380000,0x00000000da380000,0x00000000da880000)
 ParOldGen       total 56832K, used 11170K [0x0000000081800000, 0x0000000084f80000, 0x00000000d5d80000)
  object space 56832K, 19% used [0x0000000081800000,0x00000000822e8980,0x0000000084f80000)
 Metaspace       used 30210K, capacity 30410K, committed 30720K, reserved 1077248K
  class space    used 3405K, capacity 3489K, committed 3584K, reserved 1048576K
Event: 3.818 GC heap after
Heap after GC invocations=7 (full 1):
 PSYoungGen      total 65536K, used 5103K [0x00000000d5d80000, 0x00000000de780000, 0x0000000100000000)
  eden space 60416K, 0% used [0x00000000d5d80000,0x00000000d5d80000,0x00000000d9880000)
  from space 5120K, 99% used [0x00000000da380000,0x00000000da87bd80,0x00000000da880000)
  to   space 11264K, 0% used [0x00000000d9880000,0x00000000d9880000,0x00000000da380000)
 ParOldGen       total 56832K, used 14048K [0x0000000081800000, 0x0000000084f80000, 0x00000000d5d80000)
  object space 56832K, 24% used [0x0000000081800000,0x00000000825b81b8,0x0000000084f80000)
 Metaspace       used 30210K, capacity 30410K, committed 30720K, reserved 1077248K
  class space    used 3405K, capacity 3489K, committed 3584K, reserved 1048576K
}
Event: 4.813 GC heap before
{Heap before GC invocations=8 (full 1):
 PSYoungGen      total 65536K, used 65451K [0x00000000d5d80000, 0x00000000de780000, 0x0000000100000000)
  eden space 60416K, 99% used [0x00000000d5d80000,0x00000000d986f1d8,0x00000000d9880000)
  from space 5120K, 99% used [0x00000000da380000,0x00000000da87bd80,0x00000000da880000)
  to   space 11264K, 0% used [0x00000000d9880000,0x00000000d9880000,0x00000000da380000)
 ParOldGen       total 56832K, used 14048K [0x0000000081800000, 0x0000000084f80000, 0x00000000d5d80000)
  object space 56832K, 24% used [0x0000000081800000,0x00000000825b81b8,0x0000000084f80000)
 Metaspace       used 35039K, capacity 35242K, committed 35496K, reserved 1081344K
  class space    used 3892K, capacity 3969K, committed 4008K, reserved 1048576K
Event: 4.826 GC heap after
Heap after GC invocations=8 (full 1):
 PSYoungGen      total 71680K, used 11249K [0x00000000d5d80000, 0x00000000de080000, 0x0000000100000000)
  eden space 60416K, 0% used [0x00000000d5d80000,0x00000000d5d80000,0x00000000d9880000)
  from space 11264K, 99% used [0x00000000d9880000,0x00000000da37c700,0x00000000da380000)
  to   space 14336K, 0% used [0x00000000dd280000,0x00000000dd280000,0x00000000de080000)
 ParOldGen       total 56832K, used 17085K [0x0000000081800000, 0x0000000084f80000, 0x00000000d5d80000)
  object space 56832K, 30% used [0x0000000081800000,0x00000000828af728,0x0000000084f80000)
 Metaspace       used 35039K, capacity 35242K, committed 35496K, reserved 1081344K
  class space    used 3892K, capacity 3969K, committed 4008K, reserved 1048576K
}
Event: 4.826 GC heap before
{Heap before GC invocations=9 (full 2):
 PSYoungGen      total 71680K, used 11249K [0x00000000d5d80000, 0x00000000de080000, 0x0000000100000000)
  eden space 60416K, 0% used [0x00000000d5d80000,0x00000000d5d80000,0x00000000d9880000)
  from space 11264K, 99% used [0x00000000d9880000,0x00000000da37c700,0x00000000da380000)
  to   space 14336K, 0% used [0x00000000dd280000,0x00000000dd280000,0x00000000de080000)
 ParOldGen       total 56832K, used 17085K [0x0000000081800000, 0x0000000084f80000, 0x00000000d5d80000)
  object space 56832K, 30% used [0x0000000081800000,0x00000000828af728,0x0000000084f80000)
 Metaspace       used 35039K, capacity 35242K, committed 35496K, reserved 1081344K
  class space    used 3892K, capacity 3969K, committed 4008K, reserved 1048576K
Event: 4.912 GC heap after
Heap after GC invocations=9 (full 2):
 PSYoungGen      total 71680K, used 0K [0x00000000d5d80000, 0x00000000de080000, 0x0000000100000000)
  eden space 60416K, 0% used [0x00000000d5d80000,0x00000000d5d80000,0x00000000d9880000)
  from space 11264K, 0% used [0x00000000d9880000,0x00000000d9880000,0x00000000da380000)
  to   space 14336K, 0% used [0x00000000dd280000,0x00000000dd280000,0x00000000de080000)
 ParOldGen       total 56832K, used 21851K [0x0000000081800000, 0x0000000084f80000, 0x00000000d5d80000)
  object space 56832K, 38% used [0x0000000081800000,0x0000000082d56c30,0x0000000084f80000)
 Metaspace       used 35039K, capacity 35242K, committed 35496K, reserved 1081344K
  class space    used 3892K, capacity 3969K, committed 4008K, reserved 1048576K
}

